# JRE version: Java(TM) SE Runtime Environment (17.0.12+8) (build 17.0.12+8-LTS-286)
# Java VM: Java HotSpot(TM) 64-Bit Server VM (17.0.12+8-LTS-286, mixed mode, sharing, tiered, compressed oops, compressed class ptrs, g1 gc, windows-amd64)
GC Precious Log:
 CPUs: 8 total, 8 available
 Memory: 3738M
 Large Page Support: Disabled
 NUMA Support: Disabled
 Compressed Oops: Enabled (32-bit)
 Heap Region Size: 1M
 Heap Min Capacity: 8M
 Heap Initial Capacity: 60M
 Heap Max Capacity: 936M
 Pre-touch: Disabled
 Parallel Workers: 8
 Concurrent Workers: 2
 Concurrent Refinement Workers: 8
 Periodic GC: Disabled
Heap:
 garbage-first heap   total 79872K, used 18212K [0x00000000c5800000, 0x0000000100000000)
  region size 1024K, 3 young (3072K), 1 survivors (1024K)
 Metaspace       used 27691K, committed 28032K, reserved 1114112K
  class space    used 3514K, committed 3648K, reserved 1048576K
GC Heap History (18 events):
Event: 1.835 GC heap before
{Heap before GC invocations=0 (full 0):
 garbage-first heap   total 61440K, used 25600K [0x00000000c5800000, 0x0000000100000000)
  region size 1024K, 23 young (23552K), 0 survivors (0K)
 Metaspace       used 5336K, committed 5568K, reserved 1114112K
  class space    used 613K, committed 704K, reserved 1048576K
}
Event: 1.849 GC heap after
{Heap after GC invocations=1 (full 0):
 garbage-first heap   total 61440K, used 8147K [0x00000000c5800000, 0x0000000100000000)
  region size 1024K, 3 young (3072K), 3 survivors (3072K)
 Metaspace       used 5336K, committed 5568K, reserved 1114112K
  class space    used 613K, committed 704K, reserved 1048576K
}
Event: 3.444 GC heap before
{Heap before GC invocations=1 (full 0):
 garbage-first heap   total 61440K, used 30675K [0x00000000c5800000, 0x0000000100000000)
  region size 1024K, 25 young (25600K), 3 survivors (3072K)
 Metaspace       used 10509K, committed 10816K, reserved 1114112K
  class space    used 1351K, committed 1472K, reserved 1048576K
}
Event: 3.449 GC heap after
{Heap after GC invocations=2 (full 0):
 garbage-first heap   total 61440K, used 10023K [0x00000000c5800000, 0x0000000100000000)
  region size 1024K, 2 young (2048K), 2 survivors (2048K)
 Metaspace       used 10509K, committed 10816K, reserved 1114112K
  class space    used 1351K, committed 1472K, reserved 1048576K
}
Event: 3.812 GC heap before
{Heap before GC invocations=2 (full 0):
 garbage-first heap   total 61440K, used 32551K [0x00000000c5800000, 0x0000000100000000)
  region size 1024K, 25 young (25600K), 2 survivors (2048K)
 Metaspace       used 16435K, committed 16768K, reserved 1114112K
  class space    used 2093K, committed 2240K, reserved 1048576K
}
Event: 3.816 GC heap after
{Heap after GC invocations=3 (full 0):
 garbage-first heap   total 61440K, used 11644K [0x00000000c5800000, 0x0000000100000000)
  region size 1024K, 4 young (4096K), 4 survivors (4096K)
 Metaspace       used 16435K, committed 16768K, reserved 1114112K
  class space    used 2093K, committed 2240K, reserved 1048576K
}
Event: 4.214 GC heap before
{Heap before GC invocations=3 (full 0):
 garbage-first heap   total 61440K, used 30076K [0x00000000c5800000, 0x0000000100000000)
  region size 1024K, 24 young (24576K), 4 survivors (4096K)
 Metaspace       used 21128K, committed 21504K, reserved 1114112K
  class space    used 2591K, committed 2752K, reserved 1048576K
}
Event: 4.218 GC heap after
{Heap after GC invocations=4 (full 0):
 garbage-first heap   total 61440K, used 13682K [0x00000000c5800000, 0x0000000100000000)
  region size 1024K, 4 young (4096K), 4 survivors (4096K)
 Metaspace       used 21128K, committed 21504K, reserved 1114112K
  class space    used 2591K, committed 2752K, reserved 1048576K
}
Event: 4.621 GC heap before
{Heap before GC invocations=5 (full 0):
 garbage-first heap   total 51200K, used 37234K [0x00000000c5800000, 0x0000000100000000)
  region size 1024K, 29 young (29696K), 4 survivors (4096K)
 Metaspace       used 25145K, committed 25536K, reserved 1114112K
  class space    used 3129K, committed 3328K, reserved 1048576K
}
Event: 4.626 GC heap after
{Heap after GC invocations=6 (full 0):
 garbage-first heap   total 51200K, used 15510K [0x00000000c5800000, 0x0000000100000000)
  region size 1024K, 4 young (4096K), 4 survivors (4096K)
 Metaspace       used 25145K, committed 25536K, reserved 1114112K
  class space    used 3129K, committed 3328K, reserved 1048576K
}
Event: 4.644 GC heap before
{Heap before GC invocations=6 (full 0):
 garbage-first heap   total 51200K, used 16534K [0x00000000c5800000, 0x0000000100000000)
  region size 1024K, 5 young (5120K), 4 survivors (4096K)
 Metaspace       used 25239K, committed 25600K, reserved 1114112K
  class space    used 3153K, committed 3328K, reserved 1048576K
}
Event: 4.648 GC heap after
{Heap after GC invocations=7 (full 0):
 garbage-first heap   total 51200K, used 15883K [0x00000000c5800000, 0x0000000100000000)
  region size 1024K, 1 young (1024K), 1 survivors (1024K)
 Metaspace       used 25239K, committed 25600K, reserved 1114112K
  class space    used 3153K, committed 3328K, reserved 1048576K
}
Event: 5.102 GC heap before
{Heap before GC invocations=7 (full 0):
 garbage-first heap   total 51200K, used 36363K [0x00000000c5800000, 0x0000000100000000)
  region size 1024K, 21 young (21504K), 1 survivors (1024K)
 Metaspace       used 27414K, committed 27776K, reserved 1114112K
  class space    used 3471K, committed 3648K, reserved 1048576K
}
Event: 6.230 GC heap after
{Heap after GC invocations=8 (full 0):
 garbage-first heap   total 79872K, used 16912K [0x00000000c5800000, 0x0000000100000000)
  region size 1024K, 2 young (2048K), 2 survivors (2048K)
 Metaspace       used 27414K, committed 27776K, reserved 1114112K
  class space    used 3471K, committed 3648K, reserved 1048576K
}
Event: 6.245 GC heap before
{Heap before GC invocations=8 (full 0):
 garbage-first heap   total 79872K, used 17936K [0x00000000c5800000, 0x0000000100000000)
  region size 1024K, 3 young (3072K), 2 survivors (2048K)
 Metaspace       used 27427K, committed 27776K, reserved 1114112K
  class space    used 3473K, committed 3648K, reserved 1048576K
}
Event: 6.247 GC heap after
{Heap after GC invocations=9 (full 0):
 garbage-first heap   total 79872K, used 17164K [0x00000000c5800000, 0x0000000100000000)
  region size 1024K, 1 young (1024K), 1 survivors (1024K)
 Metaspace       used 27427K, committed 27776K, reserved 1114112K
  class space    used 3473K, committed 3648K, reserved 1048576K
}
Event: 7.293 GC heap before
{Heap before GC invocations=9 (full 0):
 garbage-first heap   total 79872K, used 19212K [0x00000000c5800000, 0x0000000100000000)
  region size 1024K, 3 young (3072K), 1 survivors (1024K)
 Metaspace       used 27474K, committed 27904K, reserved 1114112K
  class space    used 3480K, committed 3648K, reserved 1048576K
}
Event: 7.294 GC heap after
{Heap after GC invocations=10 (full 0):
 garbage-first heap   total 79872K, used 17188K [0x00000000c5800000, 0x0000000100000000)
  region size 1024K, 1 young (1024K), 1 survivors (1024K)
 Metaspace       used 27474K, committed 27904K, reserved 1114112K
  class space    used 3480K, committed 3648K, reserved 1048576K
}

