# JRE version: Java(TM) SE Runtime Environment (17.0.12+8) (build 17.0.12+8-LTS-286)
# Java VM: Java HotSpot(TM) 64-Bit Server VM (17.0.12+8-LTS-286, mixed mode, sharing, tiered, compressed oops, compressed class ptrs, g1 gc, windows-amd64)
GC Precious Log:
 CPUs: 8 total, 8 available
 Memory: 3738M
 Large Page Support: Disabled
 NUMA Support: Disabled
 Compressed Oops: Enabled (32-bit)
 Heap Region Size: 1M
 Heap Min Capacity: 8M
 Heap Initial Capacity: 60M
 Heap Max Capacity: 936M
 Pre-touch: Disabled
 Parallel Workers: 8
 Concurrent Workers: 2
 Concurrent Refinement Workers: 8
 Periodic GC: Disabled
Heap:
 garbage-first heap   total 326656K, used 149292K [0x00000000c5800000, 0x0000000100000000)
  region size 1024K, 82 young (83968K), 1 survivors (1024K)
 Metaspace       used 100008K, committed 100736K, reserved 1179648K
  class space    used 13806K, committed 14144K, reserved 1048576K
GC Heap History (20 events):
Event: 275.654 GC heap before
{Heap before GC invocations=31 (full 0):
 garbage-first heap   total 326656K, used 251976K [0x00000000c5800000, 0x0000000100000000)
  region size 1024K, 191 young (195584K), 4 survivors (4096K)
 Metaspace       used 91232K, committed 91840K, reserved 1179648K
  class space    used 12678K, committed 12992K, reserved 1048576K
}
Event: 278.407 GC heap after
{Heap after GC invocations=32 (full 0):
 garbage-first heap   total 326656K, used 65111K [0x00000000c5800000, 0x0000000100000000)
  region size 1024K, 9 young (9216K), 9 survivors (9216K)
 Metaspace       used 91232K, committed 91840K, reserved 1179648K
  class space    used 12678K, committed 12992K, reserved 1048576K
}
Event: 334.638 GC heap before
{Heap before GC invocations=32 (full 0):
 garbage-first heap   total 326656K, used 71255K [0x00000000c5800000, 0x0000000100000000)
  region size 1024K, 15 young (15360K), 9 survivors (9216K)
 Metaspace       used 91245K, committed 91840K, reserved 1179648K
  class space    used 12678K, committed 12992K, reserved 1048576K
}
Event: 334.891 GC heap after
{Heap after GC invocations=33 (full 0):
 garbage-first heap   total 326656K, used 64985K [0x00000000c5800000, 0x0000000100000000)
  region size 1024K, 2 young (2048K), 2 survivors (2048K)
 Metaspace       used 91245K, committed 91840K, reserved 1179648K
  class space    used 12678K, committed 12992K, reserved 1048576K
}
Event: 449.277 GC heap before
{Heap before GC invocations=33 (full 0):
 garbage-first heap   total 326656K, used 78297K [0x00000000c5800000, 0x0000000100000000)
  region size 1024K, 15 young (15360K), 2 survivors (2048K)
 Metaspace       used 91322K, committed 91968K, reserved 1179648K
  class space    used 12683K, committed 12992K, reserved 1048576K
}
Event: 449.459 GC heap after
{Heap after GC invocations=34 (full 0):
 garbage-first heap   total 326656K, used 64057K [0x00000000c5800000, 0x0000000100000000)
  region size 1024K, 1 young (1024K), 1 survivors (1024K)
 Metaspace       used 91322K, committed 91968K, reserved 1179648K
  class space    used 12683K, committed 12992K, reserved 1048576K
}
Event: 579.692 GC heap before
{Heap before GC invocations=34 (full 0):
 garbage-first heap   total 326656K, used 78393K [0x00000000c5800000, 0x0000000100000000)
  region size 1024K, 15 young (15360K), 1 survivors (1024K)
 Metaspace       used 91336K, committed 91968K, reserved 1179648K
  class space    used 12683K, committed 12992K, reserved 1048576K
}
Event: 579.774 GC heap after
{Heap after GC invocations=35 (full 0):
 garbage-first heap   total 326656K, used 63912K [0x00000000c5800000, 0x0000000100000000)
  region size 1024K, 1 young (1024K), 1 survivors (1024K)
 Metaspace       used 91336K, committed 91968K, reserved 1179648K
  class space    used 12683K, committed 12992K, reserved 1048576K
}
Event: 699.502 GC heap before
{Heap before GC invocations=35 (full 0):
 garbage-first heap   total 326656K, used 78248K [0x00000000c5800000, 0x0000000100000000)
  region size 1024K, 15 young (15360K), 1 survivors (1024K)
 Metaspace       used 91396K, committed 92032K, reserved 1179648K
  class space    used 12684K, committed 12992K, reserved 1048576K
}
Event: 699.557 GC heap after
{Heap after GC invocations=36 (full 0):
 garbage-first heap   total 326656K, used 64006K [0x00000000c5800000, 0x0000000100000000)
  region size 1024K, 1 young (1024K), 1 survivors (1024K)
 Metaspace       used 91396K, committed 92032K, reserved 1179648K
  class space    used 12684K, committed 12992K, reserved 1048576K
}
Event: 817.356 GC heap before
{Heap before GC invocations=36 (full 0):
 garbage-first heap   total 326656K, used 78342K [0x00000000c5800000, 0x0000000100000000)
  region size 1024K, 15 young (15360K), 1 survivors (1024K)
 Metaspace       used 91437K, committed 92096K, reserved 1179648K
  class space    used 12685K, committed 12992K, reserved 1048576K
}
Event: 817.497 GC heap after
{Heap after GC invocations=37 (full 0):
 garbage-first heap   total 326656K, used 64168K [0x00000000c5800000, 0x0000000100000000)
  region size 1024K, 1 young (1024K), 1 survivors (1024K)
 Metaspace       used 91437K, committed 92096K, reserved 1179648K
  class space    used 12685K, committed 12992K, reserved 1048576K
}
Event: 947.532 GC heap before
{Heap before GC invocations=37 (full 0):
 garbage-first heap   total 326656K, used 79528K [0x00000000c5800000, 0x0000000100000000)
  region size 1024K, 16 young (16384K), 1 survivors (1024K)
 Metaspace       used 91467K, committed 92096K, reserved 1179648K
  class space    used 12686K, committed 12992K, reserved 1048576K
}
Event: 947.605 GC heap after
{Heap after GC invocations=38 (full 0):
 garbage-first heap   total 326656K, used 64217K [0x00000000c5800000, 0x0000000100000000)
  region size 1024K, 1 young (1024K), 1 survivors (1024K)
 Metaspace       used 91467K, committed 92096K, reserved 1179648K
  class space    used 12686K, committed 12992K, reserved 1048576K
}
Event: 1179.648 GC heap before
{Heap before GC invocations=38 (full 0):
 garbage-first heap   total 326656K, used 121561K [0x00000000c5800000, 0x0000000100000000)
  region size 1024K, 58 young (59392K), 1 survivors (1024K)
 Metaspace       used 98763K, committed 99392K, reserved 1179648K
  class space    used 13761K, committed 14080K, reserved 1048576K
}
Event: 1179.837 GC heap after
{Heap after GC invocations=39 (full 0):
 garbage-first heap   total 326656K, used 66809K [0x00000000c5800000, 0x0000000100000000)
  region size 1024K, 4 young (4096K), 4 survivors (4096K)
 Metaspace       used 98763K, committed 99392K, reserved 1179648K
  class space    used 13761K, committed 14080K, reserved 1048576K
}
Event: 1335.142 GC heap before
{Heap before GC invocations=39 (full 0):
 garbage-first heap   total 326656K, used 85241K [0x00000000c5800000, 0x0000000100000000)
  region size 1024K, 22 young (22528K), 4 survivors (4096K)
 Metaspace       used 98867K, committed 99520K, reserved 1179648K
  class space    used 13766K, committed 14080K, reserved 1048576K
}
Event: 1335.300 GC heap after
{Heap after GC invocations=40 (full 0):
 garbage-first heap   total 326656K, used 66979K [0x00000000c5800000, 0x0000000100000000)
  region size 1024K, 1 young (1024K), 1 survivors (1024K)
 Metaspace       used 98867K, committed 99520K, reserved 1179648K
  class space    used 13766K, committed 14080K, reserved 1048576K
}
Event: 2368.286 GC heap before
{Heap before GC invocations=40 (full 0):
 garbage-first heap   total 326656K, used 191907K [0x00000000c5800000, 0x0000000100000000)
  region size 1024K, 123 young (125952K), 1 survivors (1024K)
 Metaspace       used 99464K, committed 100160K, reserved 1179648K
  class space    used 13773K, committed 14080K, reserved 1048576K
}
Event: 2368.391 GC heap after
{Heap after GC invocations=41 (full 0):
 garbage-first heap   total 326656K, used 67372K [0x00000000c5800000, 0x0000000100000000)
  region size 1024K, 1 young (1024K), 1 survivors (1024K)
 Metaspace       used 99464K, committed 100160K, reserved 1179648K
  class space    used 13773K, committed 14080K, reserved 1048576K
}

